Using pre-set license
Built from '2021.3/staging' branch; Version is '2021.3.16f1 (4016570cf34f) revision 4200023'; Using compiler version '192829333'; Build Type 'Release'
OS: 'Windows 10  (10.0.19045) 64bit Enterprise' Language: 'en' Physical Memory: 65224 MB
BatchMode: 1, IsHumanControllingUs: 0, StartBugReporterOnCrash: 0, Is64bit: 1, IsPro: 1

COMMAND LINE ARGUMENTS:
C:\Program Files\Unity\Hub\Editor\2021.3.16f1\Editor\Unity.exe
-adb2
-batchMode
-noUpm
-name
AssetImportWorker0
-projectPath
C:/Users/arjay.comabig1/Documents/GitHub/InventorySystemRepo/Rotating Cube
-logFile
Logs/AssetImportWorker0.log
-srvPort
56014
Successfully changed project path to: C:/Users/arjay.comabig1/Documents/GitHub/InventorySystemRepo/Rotating Cube
C:/Users/arjay.comabig1/Documents/GitHub/InventorySystemRepo/Rotating Cube
[UnityMemory] Configuration Parameters - Can be set up in boot.config
    "memorysetup-bucket-allocator-granularity=16"
    "memorysetup-bucket-allocator-bucket-count=8"
    "memorysetup-bucket-allocator-block-size=33554432"
    "memorysetup-bucket-allocator-block-count=8"
    "memorysetup-main-allocator-block-size=16777216"
    "memorysetup-thread-allocator-block-size=16777216"
    "memorysetup-gfx-main-allocator-block-size=16777216"
    "memorysetup-gfx-thread-allocator-block-size=16777216"
    "memorysetup-cache-allocator-block-size=4194304"
    "memorysetup-typetree-allocator-block-size=2097152"
    "memorysetup-profiler-bucket-allocator-granularity=16"
    "memorysetup-profiler-bucket-allocator-bucket-count=8"
    "memorysetup-profiler-bucket-allocator-block-size=33554432"
    "memorysetup-profiler-bucket-allocator-block-count=8"
    "memorysetup-profiler-allocator-block-size=16777216"
    "memorysetup-profiler-editor-allocator-block-size=1048576"
    "memorysetup-temp-allocator-size-main=16777216"
    "memorysetup-job-temp-allocator-block-size=2097152"
    "memorysetup-job-temp-allocator-block-size-background=1048576"
    "memorysetup-job-temp-allocator-reduction-small-platforms=262144"
    "memorysetup-temp-allocator-size-background-worker=32768"
    "memorysetup-temp-allocator-size-job-worker=262144"
    "memorysetup-temp-allocator-size-preload-manager=33554432"
    "memorysetup-temp-allocator-size-nav-mesh-worker=65536"
    "memorysetup-temp-allocator-size-audio-worker=65536"
    "memorysetup-temp-allocator-size-cloud-worker=32768"
    "memorysetup-temp-allocator-size-gi-baking-worker=262144"
    "memorysetup-temp-allocator-size-gfx=262144"
Player connection [11364] Host "[IP] 172.27.15.62 [Port] 0 [Flags] 2 [Guid] 1802602950 [EditorId] 1802602950 [Version] 1048832 [Id] WindowsEditor(7,NS00B002011DE09) [Debug] 1 [PackageName] WindowsEditor [ProjectName] Editor" joined multi-casting on [225.0.0.222:54997]...

Player connection [11364] Host "[IP] 172.27.15.62 [Port] 0 [Flags] 2 [Guid] 1802602950 [EditorId] 1802602950 [Version] 1048832 [Id] WindowsEditor(7,NS00B002011DE09) [Debug] 1 [PackageName] WindowsEditor [ProjectName] Editor" joined alternative multi-casting on [225.0.0.222:34997]...

Refreshing native plugins compatible for Editor in 74.53 ms, found 3 plugins.
Preloading 0 native plugins for Editor in 0.00 ms.
Initialize engine version: 2021.3.16f1 (4016570cf34f)
[Subsystems] Discovering subsystems at path C:/Program Files/Unity/Hub/Editor/2021.3.16f1/Editor/Data/Resources/UnitySubsystems
[Subsystems] Discovering subsystems at path C:/Users/arjay.comabig1/Documents/GitHub/InventorySystemRepo/Rotating Cube/Assets
GfxDevice: creating device client; threaded=0; jobified=0
Direct3D:
    Version:  Direct3D 11.0 [level 11.1]
    Renderer: NVIDIA RTX A4000 (ID=0x24b0)
    Vendor:   NVIDIA
    VRAM:     16193 MB
    Driver:   31.0.15.1640
Initialize mono
Mono path[0] = 'C:/Program Files/Unity/Hub/Editor/2021.3.16f1/Editor/Data/Managed'
Mono path[1] = 'C:/Program Files/Unity/Hub/Editor/2021.3.16f1/Editor/Data/MonoBleedingEdge/lib/mono/unityjit-win32'
Mono config path = 'C:/Program Files/Unity/Hub/Editor/2021.3.16f1/Editor/Data/MonoBleedingEdge/etc'
Using monoOptions --debugger-agent=transport=dt_socket,embedding=1,server=y,suspend=n,address=127.0.0.1:56444
Begin MonoManager ReloadAssembly
Registering precompiled unity dll's ...
Register platform support module: C:/Program Files/Unity/Hub/Editor/2021.3.16f1/Editor/Data/PlaybackEngines/WebGLSupport/UnityEditor.WebGL.Extensions.dll
Register platform support module: C:/Program Files/Unity/Hub/Editor/2021.3.16f1/Editor/Data/PlaybackEngines/AndroidPlayer/UnityEditor.Android.Extensions.dll
Register platform support module: C:/Program Files/Unity/Hub/Editor/2021.3.16f1/Editor/Data/PlaybackEngines/WindowsStandaloneSupport/UnityEditor.WindowsStandalone.Extensions.dll
Registered in 0.006277 seconds.
Native extension for WindowsStandalone target not found
Native extension for Android target not found
Native extension for WebGL target not found
Refreshing native plugins compatible for Editor in 71.78 ms, found 3 plugins.
Preloading 0 native plugins for Editor in 0.00 ms.
Mono: successfully reloaded assembly
- Completed reload, in  0.709 seconds
Domain Reload Profiling:
	ReloadAssembly (709ms)
		BeginReloadAssembly (74ms)
			ExecutionOrderSort (0ms)
			DisableScriptedObjects (0ms)
			BackupInstance (0ms)
			ReleaseScriptingObjects (0ms)
			CreateAndSetChildDomain (1ms)
		EndReloadAssembly (463ms)
			LoadAssemblies (73ms)
			RebuildTransferFunctionScriptingTraits (0ms)
			SetupTypeCache (100ms)
			ReleaseScriptCaches (0ms)
			RebuildScriptCaches (28ms)
			SetupLoadedEditorAssemblies (285ms)
				LogAssemblyErrors (0ms)
				InitializePlatformSupportModulesInManaged (65ms)
				SetLoadedEditorAssemblies (0ms)
				RefreshPlugins (72ms)
				BeforeProcessingInitializeOnLoad (1ms)
				ProcessInitializeOnLoadAttributes (101ms)
				ProcessInitializeOnLoadMethodAttributes (46ms)
				AfterProcessingInitializeOnLoad (0ms)
				EditorAssembliesLoaded (0ms)
			ExecutionOrderSort2 (0ms)
			AwakeInstancesAfterBackupRestoration (0ms)
Platform modules already initialized, skipping
Registering precompiled user dll's ...
Registered in 0.005060 seconds.
Begin MonoManager ReloadAssembly
Native extension for WindowsStandalone target not found
Native extension for Android target not found
Native extension for WebGL target not found
Refreshing native plugins compatible for Editor in 0.48 ms, found 3 plugins.
Preloading 0 native plugins for Editor in 0.00 ms.
Mono: successfully reloaded assembly
- Completed reload, in  1.049 seconds
Domain Reload Profiling:
	ReloadAssembly (1049ms)
		BeginReloadAssembly (187ms)
			ExecutionOrderSort (0ms)
			DisableScriptedObjects (7ms)
			BackupInstance (0ms)
			ReleaseScriptingObjects (0ms)
			CreateAndSetChildDomain (120ms)
		EndReloadAssembly (751ms)
			LoadAssemblies (54ms)
			RebuildTransferFunctionScriptingTraits (0ms)
			SetupTypeCache (246ms)
			ReleaseScriptCaches (0ms)
			RebuildScriptCaches (48ms)
			SetupLoadedEditorAssemblies (340ms)
				LogAssemblyErrors (0ms)
				InitializePlatformSupportModulesInManaged (15ms)
				SetLoadedEditorAssemblies (0ms)
				RefreshPlugins (1ms)
				BeforeProcessingInitializeOnLoad (78ms)
				ProcessInitializeOnLoadAttributes (221ms)
				ProcessInitializeOnLoadMethodAttributes (20ms)
				AfterProcessingInitializeOnLoad (6ms)
				EditorAssembliesLoaded (0ms)
			ExecutionOrderSort2 (0ms)
			AwakeInstancesAfterBackupRestoration (6ms)
Platform modules already initialized, skipping
========================================================================
Worker process is ready to serve import requests
Launched and connected shader compiler UnityShaderCompiler.exe after 0.04 seconds
Refreshing native plugins compatible for Editor in 0.32 ms, found 3 plugins.
Preloading 0 native plugins for Editor in 0.00 ms.
Unloading 3054 Unused Serialized files (Serialized files now loaded: 0)
Unloading 22 unused Assets / (56.0 KB). Loaded Objects now: 3518.
Memory consumption went from 108.8 MB to 108.8 MB.
Total: 1.825300 ms (FindLiveObjects: 0.151800 ms CreateObjectMapping: 0.054900 ms MarkObjects: 1.569100 ms  DeleteObjects: 0.048000 ms)

AssetImportParameters requested are different than current active one (requested -> active):
  custom:video-decoder-ogg-theora: a1e56fd34408186e4bbccfd4996cb3dc -> 
  custom:container-muxer-webm: aa71ff27fc2769a1b78a27578f13a17b -> 
  custom:container-demuxer-webm: 4f35f7cbe854078d1ac9338744f61a02 -> 
  custom:video-encoder-webm-vp8: eb34c28f22e8b96e1ab97ce403110664 -> 
  custom:audio-encoder-webm-vorbis: bf7c407c2cedff20999df2af8eb42d56 -> 
  custom:framework-win-MediaFoundation: 216162199b28c13a410421893ffa2e32 -> 
  custom:container-demuxer-ogg: 62fdf1f143b41e24485cea50d1cbac27 -> 
  custom:video-decoder-webm-vp8: 9c59270c3fd7afecdb556c50c9e8de78 -> 
  custom:audio-decoder-ogg-vorbis: bf7c407c2cedff20999df2af8eb42d56 -> 
========================================================================
Received Import Request.
  Time since last request: 101586.979658 seconds.
  path: Assets/Scripts/NewTimer.asset
  artifactKey: Guid(b35a03e0385095a479544456fe11b566) Importer(815301076,1909f56bfc062723c751e8b465ee728b)
Start importing Assets/Scripts/NewTimer.asset using Guid(b35a03e0385095a479544456fe11b566) Importer(815301076,1909f56bfc062723c751e8b465ee728b)  -> (artifact id: '2023f8ebb7d858e6c490af4c8c45e40a') in 0.020220 seconds 
========================================================================
Received Import Request.
  Time since last request: 29.246096 seconds.
  path: Assets/Items/Armour_Chestplate_Infantry.asset
  artifactKey: Guid(3371c627bbcc4274ebc272fa2fda54f8) Importer(815301076,1909f56bfc062723c751e8b465ee728b)
Start importing Assets/Items/Armour_Chestplate_Infantry.asset using Guid(3371c627bbcc4274ebc272fa2fda54f8) Importer(815301076,1909f56bfc062723c751e8b465ee728b)  -> (artifact id: '8a24a5a107b0b396a4ee5e87ee81ffb2') in 0.016725 seconds 
========================================================================
Received Import Request.
  Time since last request: 0.000018 seconds.
  path: Assets/Items/Weapon_Knife_Mercenary.asset
  artifactKey: Guid(4f25c92cca5eaec40af487fbc63e7266) Importer(815301076,1909f56bfc062723c751e8b465ee728b)
Start importing Assets/Items/Weapon_Knife_Mercenary.asset using Guid(4f25c92cca5eaec40af487fbc63e7266) Importer(815301076,1909f56bfc062723c751e8b465ee728b)  -> (artifact id: '123f0323f5184939d40f079fc87ede8d') in 0.014193 seconds 
========================================================================
Received Import Request.
  Time since last request: 0.000024 seconds.
  path: Assets/Items/Weapon_Sword_Infantry.asset
  artifactKey: Guid(d75c1943f1043fd4e92150927cc0c35c) Importer(815301076,1909f56bfc062723c751e8b465ee728b)
Start importing Assets/Items/Weapon_Sword_Infantry.asset using Guid(d75c1943f1043fd4e92150927cc0c35c) Importer(815301076,1909f56bfc062723c751e8b465ee728b)  -> (artifact id: 'f81f1938b540b3906ba2e1e2ca8250b3') in 0.013157 seconds 
========================================================================
Received Import Request.
  Time since last request: 0.000026 seconds.
  path: Assets/Items/Armour_Leggings_Knight.asset
  artifactKey: Guid(720df65cf7547b44f9421f3b9dc53d1a) Importer(815301076,1909f56bfc062723c751e8b465ee728b)
Start importing Assets/Items/Armour_Leggings_Knight.asset using Guid(720df65cf7547b44f9421f3b9dc53d1a) Importer(815301076,1909f56bfc062723c751e8b465ee728b)  -> (artifact id: 'a6eb67080eb13a8c44d923b9fb27c78a') in 0.011018 seconds 
========================================================================
Received Import Request.
  Time since last request: 0.000017 seconds.
  path: Assets/Items/Armour_Leggings_Infantry.asset
  artifactKey: Guid(0beb3e57a4eefc946bbf25c5a27c8140) Importer(815301076,1909f56bfc062723c751e8b465ee728b)
Start importing Assets/Items/Armour_Leggings_Infantry.asset using Guid(0beb3e57a4eefc946bbf25c5a27c8140) Importer(815301076,1909f56bfc062723c751e8b465ee728b)  -> (artifact id: '5af3b0457bddf71db9d9844a88c9936d') in 0.010639 seconds 
========================================================================
Received Import Request.
  Time since last request: 0.000018 seconds.
  path: Assets/Items/Weapon_Crossbow_Golden.asset
  artifactKey: Guid(575d4edccfa44894dbae4bf8d3eb4e3e) Importer(815301076,1909f56bfc062723c751e8b465ee728b)
Start importing Assets/Items/Weapon_Crossbow_Golden.asset using Guid(575d4edccfa44894dbae4bf8d3eb4e3e) Importer(815301076,1909f56bfc062723c751e8b465ee728b)  -> (artifact id: 'ec144c7d2ef706f5da6159f5e27c60b4') in 0.012455 seconds 
========================================================================
Received Import Request.
  Time since last request: 0.000018 seconds.
  path: Assets/Items/Weapon_Hammer_Iron.asset
  artifactKey: Guid(b99f49177e4cb0844aa8204b85e3ae98) Importer(815301076,1909f56bfc062723c751e8b465ee728b)
Start importing Assets/Items/Weapon_Hammer_Iron.asset using Guid(b99f49177e4cb0844aa8204b85e3ae98) Importer(815301076,1909f56bfc062723c751e8b465ee728b)  -> (artifact id: '81d0cfd017c4b70ee2831b96afb1e1aa') in 0.010779 seconds 
========================================================================
Received Import Request.
  Time since last request: 0.000020 seconds.
  path: Assets/Items/EmptySlot.asset
  artifactKey: Guid(fa24e25fb4c56d5419fa1028f15f01ab) Importer(815301076,1909f56bfc062723c751e8b465ee728b)
Start importing Assets/Items/EmptySlot.asset using Guid(fa24e25fb4c56d5419fa1028f15f01ab) Importer(815301076,1909f56bfc062723c751e8b465ee728b)  -> (artifact id: 'ea3cc64d47626ad59db60e2a79987c67') in 0.014417 seconds 
========================================================================
Received Import Request.
  Time since last request: 0.000018 seconds.
  path: Assets/Items/Armour_Chestplate_Knight.asset
  artifactKey: Guid(6f1dffdb71a6f8043b911d497a8ee19d) Importer(815301076,1909f56bfc062723c751e8b465ee728b)
Start importing Assets/Items/Armour_Chestplate_Knight.asset using Guid(6f1dffdb71a6f8043b911d497a8ee19d) Importer(815301076,1909f56bfc062723c751e8b465ee728b)  -> (artifact id: 'd53efaf3348e7201712ec564806412f4') in 0.010638 seconds 
========================================================================
Received Import Request.
  Time since last request: 0.000018 seconds.
  path: Assets/Items/Weapon_Shield_Infantry.asset
  artifactKey: Guid(118cc5925c03b0e45bf5aa553160af89) Importer(815301076,1909f56bfc062723c751e8b465ee728b)
Start importing Assets/Items/Weapon_Shield_Infantry.asset using Guid(118cc5925c03b0e45bf5aa553160af89) Importer(815301076,1909f56bfc062723c751e8b465ee728b)  -> (artifact id: '9b18a7159d7498ae79f0a8b2dc26b397') in 0.010973 seconds 
========================================================================
Received Import Request.
  Time since last request: 0.000019 seconds.
  path: Assets/Items/Armour_Helmet_Knight.asset
  artifactKey: Guid(b9d7bbb92a5265f4b9aa821199235f1b) Importer(815301076,1909f56bfc062723c751e8b465ee728b)
Start importing Assets/Items/Armour_Helmet_Knight.asset using Guid(b9d7bbb92a5265f4b9aa821199235f1b) Importer(815301076,1909f56bfc062723c751e8b465ee728b)  -> (artifact id: '55342c92caff615cefc511b9959db85a') in 0.011201 seconds 
========================================================================
Received Import Request.
  Time since last request: 0.000019 seconds.
  path: Assets/Items/Weapon_Sword_Knight.asset
  artifactKey: Guid(c1dd56658158d3e4c97bb27cc935aa8c) Importer(815301076,1909f56bfc062723c751e8b465ee728b)
Start importing Assets/Items/Weapon_Sword_Knight.asset using Guid(c1dd56658158d3e4c97bb27cc935aa8c) Importer(815301076,1909f56bfc062723c751e8b465ee728b)  -> (artifact id: '6b690b24e09b0c8be4fc216b25695f9e') in 0.018343 seconds 
========================================================================
Received Import Request.
  Time since last request: 0.000018 seconds.
  path: Assets/Items/Armour_Helmet_Infantry.asset
  artifactKey: Guid(10bed690836c2754a904bfc2370da484) Importer(815301076,1909f56bfc062723c751e8b465ee728b)
Start importing Assets/Items/Armour_Helmet_Infantry.asset using Guid(10bed690836c2754a904bfc2370da484) Importer(815301076,1909f56bfc062723c751e8b465ee728b)  -> (artifact id: 'd6607de857b8cc235ff98ed9764376bd') in 0.010887 seconds 
========================================================================
Received Import Request.
  Time since last request: 0.000020 seconds.
  path: Assets/Items/Weapon_Shield_Knight.asset
  artifactKey: Guid(5fe484e5d8c9a2f4e8003a30908d8de6) Importer(815301076,1909f56bfc062723c751e8b465ee728b)
Start importing Assets/Items/Weapon_Shield_Knight.asset using Guid(5fe484e5d8c9a2f4e8003a30908d8de6) Importer(815301076,1909f56bfc062723c751e8b465ee728b)  -> (artifact id: '5c764dc4f3f4cb9cbdb4cb66f8ae7dd6') in 0.010738 seconds 
========================================================================
Received Import Request.
  Time since last request: 0.792525 seconds.
  path: Assets/Scenes/TimerScene.unity
  artifactKey: Guid(b8feb3e5972a61c40857ebfe654965f8) Importer(815301076,1909f56bfc062723c751e8b465ee728b)
Start importing Assets/Scenes/TimerScene.unity using Guid(b8feb3e5972a61c40857ebfe654965f8) Importer(815301076,1909f56bfc062723c751e8b465ee728b)  -> (artifact id: '43940aa68f6392a80782b91f91e907c7') in 0.004846 seconds 
========================================================================
Received Import Request.
  Time since last request: 0.552131 seconds.
  path: Assets/Scenes/SampleScene.unity
  artifactKey: Guid(9fc0d4010bbf28b4594072e72b8655ab) Importer(815301076,1909f56bfc062723c751e8b465ee728b)
Start importing Assets/Scenes/SampleScene.unity using Guid(9fc0d4010bbf28b4594072e72b8655ab) Importer(815301076,1909f56bfc062723c751e8b465ee728b)  -> (artifact id: '2d974033ef59b7c98f676f8ac88aaaaa') in 0.005712 seconds 
